kotlin version: 2.2.10
error message: Incremental compilation failed: Storage for [D:\Project\AndroidProjects\Gadgeter\app\build\kotlin\compileDebugKotlin\cacheable\caches-jvm\lookups\lookups.tab] is already registered
java.lang.IllegalStateException: Storage for [D:\Project\AndroidProjects\Gadgeter\app\build\kotlin\compileDebugKotlin\cacheable\caches-jvm\lookups\lookups.tab] is already registered
	at org.jetbrains.kotlin.com.intellij.util.io.FilePageCache.registerPagedFileStorage(FilePageCache.java:410)
	at org.jetbrains.kotlin.com.intellij.util.io.PagedFileStorage.<init>(PagedFileStorage.java:72)
	at org.jetbrains.kotlin.com.intellij.util.io.ResizeableMappedFile.<init>(ResizeableMappedFile.java:68)
	at org.jetbrains.kotlin.com.intellij.util.io.PersistentBTreeEnumerator.<init>(PersistentBTreeEnumerator.java:128)
	at org.jetbrains.kotlin.com.intellij.util.io.PersistentEnumerator.createDefaultEnumerator(PersistentEnumerator.java:52)
	at org.jetbrains.kotlin.com.intellij.util.io.PersistentMapImpl.<init>(PersistentMapImpl.java:165)
	at org.jetbrains.kotlin.com.intellij.util.io.PersistentMapImpl.<init>(PersistentMapImpl.java:140)
	at org.jetbrains.kotlin.com.intellij.util.io.PersistentMapBuilder.buildImplementation(PersistentMapBuilder.java:88)
	at org.jetbrains.kotlin.com.intellij.util.io.PersistentMapBuilder.build(PersistentMapBuilder.java:71)
	at org.jetbrains.kotlin.com.intellij.util.io.PersistentHashMap.<init>(PersistentHashMap.java:46)
	at org.jetbrains.kotlin.com.intellij.util.io.PersistentHashMap.<init>(PersistentHashMap.java:72)
	at org.jetbrains.kotlin.incremental.storage.LazyStorage.createMap(LazyStorage.kt:62)
	at org.jetbrains.kotlin.incremental.storage.LazyStorage.getStorageIfExists(LazyStorage.kt:53)
	at org.jetbrains.kotlin.incremental.storage.LazyStorage.getKeys(LazyStorage.kt:67)
	at org.jetbrains.kotlin.incremental.storage.InMemoryStorage.getKeys(InMemoryStorage.kt:50)
	at org.jetbrains.kotlin.incremental.storage.AppendableSetBasicMap.getKeys(BasicMap.kt:126)
	at org.jetbrains.kotlin.incremental.TrackedLookupMap.getKeys(LookupStorage.kt:306)
	at org.jetbrains.kotlin.incremental.LookupStorage.getLookupSymbols(LookupStorage.kt:89)
	at org.jetbrains.kotlin.incremental.classpathDiff.ClasspathSnapshotShrinker.shrinkClasspath$lambda$0(ClasspathSnapshotShrinker.kt:37)
	at org.jetbrains.kotlin.incremental.classpathDiff.ClasspathSnapshotShrinker$MetricsReporter.getLookupSymbols(ClasspathSnapshotShrinker.kt:324)
	at org.jetbrains.kotlin.incremental.classpathDiff.ClasspathSnapshotShrinker.shrinkClasspath(ClasspathSnapshotShrinker.kt:36)
	at org.jetbrains.kotlin.incremental.snapshots.LazyClasspathSnapshot.getComputedShrunkClasspathAgainstPreviousLookups(LazyClasspathSnapshot.kt:69)
	at org.jetbrains.kotlin.incremental.classpathDiff.ClasspathChangesComputer.computeClasspathChanges(ClasspathChangesComputer.kt:42)
	at org.jetbrains.kotlin.incremental.dirtyFiles.ClasspathSnapshotBasedImpactDeterminer.determineChangedAndImpactedSymbols(ClasspathSnapshotBasedImpactDeterminer.kt:42)
	at org.jetbrains.kotlin.incremental.dirtyFiles.JvmSourcesToCompileCalculator.calculateSourcesToCompileImpl(JvmSourcesToCompileCalculator.kt:41)
	at org.jetbrains.kotlin.incremental.dirtyFiles.JvmSourcesToCompileCalculator.calculateWithClasspathSnapshot(JvmSourcesToCompileCalculator.kt:97)
	at org.jetbrains.kotlin.incremental.IncrementalJvmCompilerRunner.calculateSourcesToCompile(IncrementalJvmCompilerRunner.kt:60)
	at org.jetbrains.kotlin.incremental.IncrementalJvmCompilerRunner.calculateSourcesToCompile(IncrementalJvmCompilerRunner.kt:23)
	at org.jetbrains.kotlin.incremental.IncrementalCompilerRunner.tryCompileIncrementally$lambda$10$compile(IncrementalCompilerRunner.kt:230)
	at org.jetbrains.kotlin.incremental.IncrementalCompilerRunner.tryCompileIncrementally(IncrementalCompilerRunner.kt:272)
	at org.jetbrains.kotlin.incremental.IncrementalCompilerRunner.compile(IncrementalCompilerRunner.kt:124)
	at org.jetbrains.kotlin.daemon.CompileServiceImplBase.execIncrementalCompiler(CompileServiceImpl.kt:679)
	at org.jetbrains.kotlin.daemon.CompileServiceImplBase.access$execIncrementalCompiler(CompileServiceImpl.kt:93)
	at org.jetbrains.kotlin.daemon.CompileServiceImpl.compile(CompileServiceImpl.kt:1806)
	at java.base/jdk.internal.reflect.DirectMethodHandleAccessor.invoke(DirectMethodHandleAccessor.java:103)
	at java.base/java.lang.reflect.Method.invoke(Method.java:580)
	at java.rmi/sun.rmi.server.UnicastServerRef.dispatch(UnicastServerRef.java:360)
	at java.rmi/sun.rmi.transport.Transport$1.run(Transport.java:200)
	at java.rmi/sun.rmi.transport.Transport$1.run(Transport.java:197)
	at java.base/java.security.AccessController.doPrivileged(AccessController.java:714)
	at java.rmi/sun.rmi.transport.Transport.serviceCall(Transport.java:196)
	at java.rmi/sun.rmi.transport.tcp.TCPTransport.handleMessages(TCPTransport.java:598)
	at java.rmi/sun.rmi.transport.tcp.TCPTransport$ConnectionHandler.run0(TCPTransport.java:844)
	at java.rmi/sun.rmi.transport.tcp.TCPTransport$ConnectionHandler.lambda$run$0(TCPTransport.java:721)
	at java.base/java.security.AccessController.doPrivileged(AccessController.java:400)
	at java.rmi/sun.rmi.transport.tcp.TCPTransport$ConnectionHandler.run(TCPTransport.java:720)
	at java.base/java.util.concurrent.ThreadPoolExecutor.runWorker(ThreadPoolExecutor.java:1144)
	at java.base/java.util.concurrent.ThreadPoolExecutor$Worker.run(ThreadPoolExecutor.java:642)
	at java.base/java.lang.Thread.run(Thread.java:1583)
	Suppressed: java.lang.Exception: Storage[D:\Project\AndroidProjects\Gadgeter\app\build\kotlin\compileDebugKotlin\cacheable\caches-jvm\lookups\lookups.tab] registration stack trace
		at org.jetbrains.kotlin.com.intellij.util.io.FilePageCache.registerPagedFileStorage(FilePageCache.java:437)
		... 48 more


error message: Daemon compilation failed: Connection to the Kotlin daemon has been unexpectedly lost. This might be caused by the daemon being killed by another process or the operating system, or by JVM crash.
org.jetbrains.kotlin.gradle.tasks.DaemonCrashedException: Connection to the Kotlin daemon has been unexpectedly lost. This might be caused by the daemon being killed by another process or the operating system, or by JVM crash.
	at org.jetbrains.kotlin.gradle.tasks.TasksUtilsKt.wrapCompilationExceptionIfNeeded(tasksUtils.kt:54)
	at org.jetbrains.kotlin.gradle.tasks.TasksUtilsKt.wrapAndRethrowCompilationException(tasksUtils.kt:65)
	at org.jetbrains.kotlin.compilerRunner.GradleKotlinCompilerWork.compileWithDaemon(GradleKotlinCompilerWork.kt:243)
	at org.jetbrains.kotlin.compilerRunner.GradleKotlinCompilerWork.compileWithDaemonOrFallbackImpl(GradleKotlinCompilerWork.kt:159)
	at org.jetbrains.kotlin.compilerRunner.GradleKotlinCompilerWork.run(GradleKotlinCompilerWork.kt:111)
	at org.jetbrains.kotlin.compilerRunner.GradleCompilerRunnerWithWorkers$GradleKotlinCompilerWorkAction.execute(GradleCompilerRunnerWithWorkers.kt:74)
	at org.gradle.workers.internal.DefaultWorkerServer.execute(DefaultWorkerServer.java:68)
	at org.gradle.workers.internal.NoIsolationWorkerFactory$1$1.create(NoIsolationWorkerFactory.java:66)
	at org.gradle.workers.internal.NoIsolationWorkerFactory$1$1.create(NoIsolationWorkerFactory.java:62)
	at org.gradle.internal.classloader.ClassLoaderUtils.executeInClassloader(ClassLoaderUtils.java:100)
	at org.gradle.workers.internal.NoIsolationWorkerFactory$1.lambda$execute$0(NoIsolationWorkerFactory.java:62)
	at org.gradle.workers.internal.AbstractWorker$1.call(AbstractWorker.java:44)
	at org.gradle.workers.internal.AbstractWorker$1.call(AbstractWorker.java:41)
	at org.gradle.internal.operations.DefaultBuildOperationRunner$CallableBuildOperationWorker.execute(DefaultBuildOperationRunner.java:209)
	at org.gradle.internal.operations.DefaultBuildOperationRunner$CallableBuildOperationWorker.execute(DefaultBuildOperationRunner.java:204)
	at org.gradle.internal.operations.DefaultBuildOperationRunner$2.execute(DefaultBuildOperationRunner.java:66)
	at org.gradle.internal.operations.DefaultBuildOperationRunner$2.execute(DefaultBuildOperationRunner.java:59)
	at org.gradle.internal.operations.DefaultBuildOperationRunner.execute(DefaultBuildOperationRunner.java:166)
	at org.gradle.internal.operations.DefaultBuildOperationRunner.execute(DefaultBuildOperationRunner.java:59)
	at org.gradle.internal.operations.DefaultBuildOperationRunner.call(DefaultBuildOperationRunner.java:53)
	at org.gradle.workers.internal.AbstractWorker.executeWrappedInBuildOperation(AbstractWorker.java:41)
	at org.gradle.workers.internal.NoIsolationWorkerFactory$1.execute(NoIsolationWorkerFactory.java:59)
	at org.gradle.workers.internal.DefaultWorkerExecutor.lambda$submitWork$0(DefaultWorkerExecutor.java:176)
	at java.base/java.util.concurrent.FutureTask.run(FutureTask.java:317)
	at org.gradle.internal.work.DefaultConditionalExecutionQueue$ExecutionRunner.runExecution(DefaultConditionalExecutionQueue.java:194)
	at org.gradle.internal.work.DefaultConditionalExecutionQueue$ExecutionRunner.access$700(DefaultConditionalExecutionQueue.java:127)
	at org.gradle.internal.work.DefaultConditionalExecutionQueue$ExecutionRunner$1.run(DefaultConditionalExecutionQueue.java:169)
	at org.gradle.internal.Factories$1.create(Factories.java:31)
	at org.gradle.internal.work.DefaultWorkerLeaseService.withLocks(DefaultWorkerLeaseService.java:263)
	at org.gradle.internal.work.DefaultWorkerLeaseService.runAsWorkerThread(DefaultWorkerLeaseService.java:127)
	at org.gradle.internal.work.DefaultWorkerLeaseService.runAsWorkerThread(DefaultWorkerLeaseService.java:132)
	at org.gradle.internal.work.DefaultConditionalExecutionQueue$ExecutionRunner.runBatch(DefaultConditionalExecutionQueue.java:164)
	at org.gradle.internal.work.DefaultConditionalExecutionQueue$ExecutionRunner.run(DefaultConditionalExecutionQueue.java:133)
	at java.base/java.util.concurrent.Executors$RunnableAdapter.call(Executors.java:572)
	at java.base/java.util.concurrent.FutureTask.run(FutureTask.java:317)
	at org.gradle.internal.concurrent.ExecutorPolicy$CatchAndRecordFailures.onExecute(ExecutorPolicy.java:64)
	at org.gradle.internal.concurrent.AbstractManagedExecutor$1.run(AbstractManagedExecutor.java:47)
	at java.base/java.util.concurrent.ThreadPoolExecutor.runWorker(ThreadPoolExecutor.java:1144)
	at java.base/java.util.concurrent.ThreadPoolExecutor$Worker.run(ThreadPoolExecutor.java:642)
	at java.base/java.lang.Thread.run(Thread.java:1583)
Caused by: java.rmi.UnmarshalException: error unmarshalling return; nested exception is: 
	java.lang.ClassNotFoundException: org.jetbrains.kotlin.com.intellij.util.io.CorruptedException (no security manager: RMI class loader disabled)
	at java.rmi/sun.rmi.server.UnicastRef.invoke(UnicastRef.java:199)
	at java.rmi/java.rmi.server.RemoteObjectInvocationHandler.invokeRemoteMethod(RemoteObjectInvocationHandler.java:215)
	at java.rmi/java.rmi.server.RemoteObjectInvocationHandler.invoke(RemoteObjectInvocationHandler.java:160)
	at jdk.proxy4/jdk.proxy4.$Proxy146.compile(Unknown Source)
	at org.jetbrains.kotlin.compilerRunner.GradleKotlinCompilerWork.incrementalCompilationWithDaemon(GradleKotlinCompilerWork.kt:328)
	at org.jetbrains.kotlin.compilerRunner.GradleKotlinCompilerWork.compileWithDaemon(GradleKotlinCompilerWork.kt:235)
	... 37 more
Caused by: java.lang.ClassNotFoundException: org.jetbrains.kotlin.com.intellij.util.io.CorruptedException (no security manager: RMI class loader disabled)
	at java.rmi/sun.rmi.server.LoaderHandler.loadClass(LoaderHandler.java:401)
	at java.rmi/sun.rmi.server.LoaderHandler.loadClass(LoaderHandler.java:188)
	at java.rmi/java.rmi.server.RMIClassLoader$2.loadClass(RMIClassLoader.java:639)
	at java.rmi/java.rmi.server.RMIClassLoader.loadClass(RMIClassLoader.java:265)
	at java.rmi/sun.rmi.server.MarshalInputStream.resolveClass(MarshalInputStream.java:199)
	at java.base/java.io.ObjectInputStream.readNonProxyDesc(ObjectInputStream.java:2061)
	at java.base/java.io.ObjectInputStream.readClassDesc(ObjectInputStream.java:1927)
	at java.base/java.io.ObjectInputStream.readOrdinaryObject(ObjectInputStream.java:2252)
	at java.base/java.io.ObjectInputStream.readObject0(ObjectInputStream.java:1762)
	at java.base/java.io.ObjectInputStream$FieldValues.<init>(ObjectInputStream.java:2618)
	at java.base/java.io.ObjectInputStream.defaultReadObject(ObjectInputStream.java:678)
	at java.base/java.lang.Throwable.readObject(Throwable.java:936)
	at java.base/jdk.internal.reflect.DirectMethodHandleAccessor.invoke(DirectMethodHandleAccessor.java:103)
	at java.base/java.lang.reflect.Method.invoke(Method.java:580)
	at java.base/java.io.ObjectStreamClass.invokeReadObject(ObjectStreamClass.java:1102)
	at java.base/java.io.ObjectInputStream.readSerialData(ObjectInputStream.java:2444)
	at java.base/java.io.ObjectInputStream.readOrdinaryObject(ObjectInputStream.java:2284)
	at java.base/java.io.ObjectInputStream.readObject0(ObjectInputStream.java:1762)
	at java.base/java.io.ObjectInputStream$FieldValues.<init>(ObjectInputStream.java:2618)
	at java.base/java.io.ObjectInputStream.readSerialData(ObjectInputStream.java:2469)
	at java.base/java.io.ObjectInputStream.readOrdinaryObject(ObjectInputStream.java:2284)
	at java.base/java.io.ObjectInputStream.readObject0(ObjectInputStream.java:1762)
	at java.base/java.io.ObjectInputStream.readObject(ObjectInputStream.java:540)
	at java.base/java.io.ObjectInputStream.readObject(ObjectInputStream.java:498)
	at java.rmi/sun.rmi.server.UnicastRef.unmarshalValue(UnicastRef.java:329)
	at java.rmi/sun.rmi.server.UnicastRef.invoke(UnicastRef.java:179)
	... 42 more


